<?xml version="1.0" encoding="UTF-8"?>
<!-- Generated by org.testng.reporters.JUnitReportReporter -->
<testsuite hostname="DESKTOP-BUC2KR9" failures="0" tests="1" name="com.motherhood.baseclass" time="124.804" errors="0" timestamp="2022-11-29T19:38:10 PST" skipped="0">
  <testcase classname="com.motherhood.baseclass" name="launchApp" time="124.804"/>
  <system-out/>
</testsuite> <!-- com.motherhood.baseclass -->
